<?xml version="1.0" encoding="UTF-8" ?>
<testsuite tests="7" failures="0" name="com.cagri.bookstore.service.impl.BookDaoImplTest" time="0.479" errors="0" skipped="0">
  <properties>
[...]
</properties>
  <testcase classname="com.cagri.bookstore.service.impl.BookDaoImplTest" name="testIsBookExist" time="0.012"/>
  <testcase classname="com.cagri.bookstore.service.impl.BookDaoImplTest" name="testAddBook" time="0"/>
  <testcase classname="com.cagri.bookstore.service.impl.BookDaoImplTest" name="testUpdateBook" time="0.001"/>
  <testcase classname="com.cagri.bookstore.service.impl.BookDaoImplTest" name="testFindBookByName" time="0"/>
  <testcase classname="com.cagri.bookstore.service.impl.BookDaoImplTest" name="testMockCreation" time="0.001"/>
  <testcase classname="com.cagri.bookstore.service.impl.BookDaoImplTest" name="testFindBook" time="0"/>
  <testcase classname="com.cagri.bookstore.service.impl.BookDaoImplTest" name="testListBook" time="0.001"/>
</testsuite>